Build started 15/10/2012 10:04:51.
     1>Project "C:\Program Files (x86)\Emacs\site-lisp\emacs\emacs-fullscreen-win32\emacs_fullscreen\emacs_fullscreen.vcxproj" on node 2 (build target(s)).
     1>PrepareForBuild:
         Creating directory "C:\Program Files (x86)\Emacs\site-lisp\emacs\emacs-fullscreen-win32\Release\".
       InitializeBuildStatus:
         Creating "Release\emacs_fullscreen.unsuccessfulbuild" because "AlwaysCreate" was specified.
       ClCompile:
         C:\Program Files (x86)\Microsoft Visual Studio 10.0\VC\bin\CL.exe /c /Zi /nologo /W3 /WX- /O1 /Os /Oy- /GL /D WIN32 /D NDEBUG /D _WINDOWS /D _UNICODE /D UNICODE /Gm- /MT /GS- /Gy /fp:precise /Zc:wchar_t /Zc:forScope /Fo"Release\\" /Fd"Release\vc100.pdb" /Gd /TC /analyze- /errorReport:prompt main.c
         main.c
       Link:
         C:\Program Files (x86)\Microsoft Visual Studio 10.0\VC\bin\link.exe /ERRORREPORT:PROMPT /OUT:"C:\Program Files (x86)\Emacs\site-lisp\emacs\emacs-fullscreen-win32\Release\emacs_fullscreen.exe" /INCREMENTAL:NO /NOLOGO kernel32.lib user32.lib gdi32.lib winspool.lib comdlg32.lib advapi32.lib shell32.lib ole32.lib oleaut32.lib uuid.lib odbc32.lib odbccp32.lib /MANIFEST:NO /DEBUG /PDB:"C:\Program Files (x86)\Emacs\site-lisp\emacs\emacs-fullscreen-win32\Release\emacs_fullscreen.pdb" /SUBSYSTEM:WINDOWS /OPT:REF /OPT:ICF /LTCG /TLBID:1 /DYNAMICBASE /NXCOMPAT /IMPLIB:"C:\Program Files (x86)\Emacs\site-lisp\emacs\emacs-fullscreen-win32\Release\emacs_fullscreen.lib" /MACHINE:X86 Release\main.obj
         Generating code
         Finished generating code
         emacs_fullscreen.vcxproj -> C:\Program Files (x86)\Emacs\site-lisp\emacs\emacs-fullscreen-win32\Release\emacs_fullscreen.exe
       FinalizeBuildStatus:
         Deleting file "Release\emacs_fullscreen.unsuccessfulbuild".
         Touching "Release\emacs_fullscreen.lastbuildstate".
     1>Done Building Project "C:\Program Files (x86)\Emacs\site-lisp\emacs\emacs-fullscreen-win32\emacs_fullscreen\emacs_fullscreen.vcxproj" (build target(s)).

Build succeeded.

Time Elapsed 00:00:01.22
